<?xml version="1.0" encoding="UTF-8"?>
<!-- Generated by org.testng.reporters.JUnitXMLReporter -->
<testsuite hostname="DESKTOP-Q8RNTEC" ignored="0" name="Test" tests="11" failures="2" timestamp="2020-07-15T15:31:29 IST" time="179.173" errors="0">
  <testcase name="verify_Homepage_Title" time="0.065" classname="com.guru.test.HomepagePageTest"/>
  <testcase name="to_Verify_Discount_Coupon_Works_Correctly" time="8.804" classname="com.guru.test.UserInterfaceSortingTest">
    <failure type="java.lang.AssertionError" message="Coupon code cannot Applied correctly expected [true] but found [false]">
      <![CDATA[java.lang.AssertionError: Coupon code cannot Applied correctly expected [true] but found [false]
at com.guru.test.UserInterfaceSortingTest.to_Verify_Discount_Coupon_Works_Correctly(UserInterfaceSortingTest.java:34)
at java.util.ArrayList.forEach(Unknown Source)
... Removed 30 stack frames]]>
    </failure>
  </testcase> <!-- to_Verify_Discount_Coupon_Works_Correctly -->
  <testcase name="to_Verify_Element_Sorted_By" time="6.151" classname="com.guru.test.UserInterfaceSortingTest"/>
  <testcase name="to_Verify_Element_Sorted_By" time="4.748" classname="com.guru.test.UserInterfaceSortingTest"/>
  <testcase name="to_Verify_Element_Sorted_By" time="3.987" classname="com.guru.test.UserInterfaceSortingTest"/>
  <testcase name="to_Verify_Element_Sorted_By" time="4.742" classname="com.guru.test.UserInterfaceSortingTest"/>
  <testcase name="to_Verify_Element_Sorted_By" time="6.658" classname="com.guru.test.UserInterfaceSortingTest"/>
  <testcase name="to_Verify_Element_Sorted_By" time="3.263" classname="com.guru.test.UserInterfaceSortingTest"/>
  <testcase name="verifyMobilePageValue" time="8.399" classname="com.guru.test.MobileListTests"/>
  <testcase name="verify_LogIn_User" time="6.034" classname="com.guru.test.PurchaseProductTests"/>
  <testcase name="verify_Place_Order_Generated" time="30.808" classname="com.guru.test.PurchaseProductTests">
    <failure type="org.openqa.selenium.ElementNotVisibleException" message="element not visible
  (Session info: chrome=83.0.4103.116)
  (Driver info: chromedriver=2.40.565498 (ea082db3280dd6843ebfb08a625e3eb905c4f5ab),platform=Windows NT 10.0.18362 x86_64) (WARNING: The server did not provide any stacktrace information)
Command duration or timeout: 0 milliseconds
Build info: version: &amp;apos;3.141.59&amp;apos;, revision: &amp;apos;e82be7d358&amp;apos;, time: &amp;apos;2018-11-14T08:17:03&amp;apos;
System info: host: &amp;apos;DESKTOP-Q8RNTEC&amp;apos;, ip: &amp;apos;192.168.0.103&amp;apos;, os.name: &amp;apos;Windows 10&amp;apos;, os.arch: &amp;apos;amd64&amp;apos;, os.version: &amp;apos;10.0&amp;apos;, java.version: &amp;apos;1.8.0_251&amp;apos;
Driver info: org.openqa.selenium.chrome.ChromeDriver
Capabilities {acceptInsecureCerts: false, acceptSslCerts: false, applicationCacheEnabled: false, browserConnectionEnabled: false, browserName: chrome, chrome: {chromedriverVersion: 2.40.565498 (ea082db3280dd6..., userDataDir: C:\Users\nikks\AppData\Loca...}, cssSelectorsEnabled: true, databaseEnabled: false, handlesAlerts: true, hasTouchScreen: false, javascriptEnabled: true, locationContextEnabled: true, mobileEmulationEnabled: false, nativeEvents: true, networkConnectionEnabled: false, pageLoadStrategy: normal, platform: XP, platformName: XP, rotatable: false, setWindowRect: true, takesHeapSnapshot: true, takesScreenshot: true, unexpectedAlertBehaviour: , unhandledPromptBehavior: , version: 83.0.4103.116, webStorageEnabled: true}
Session ID: ff60a9afcdb4f7d613d411c51f251887">
      <![CDATA[org.openqa.selenium.ElementNotVisibleException: element not visible
  (Session info: chrome=83.0.4103.116)
  (Driver info: chromedriver=2.40.565498 (ea082db3280dd6843ebfb08a625e3eb905c4f5ab),platform=Windows NT 10.0.18362 x86_64) (WARNING: The server did not provide any stacktrace information)
Command duration or timeout: 0 milliseconds
Build info: version: '3.141.59', revision: 'e82be7d358', time: '2018-11-14T08:17:03'
System info: host: 'DESKTOP-Q8RNTEC', ip: '192.168.0.103', os.name: 'Windows 10', os.arch: 'amd64', os.version: '10.0', java.version: '1.8.0_251'
Driver info: org.openqa.selenium.chrome.ChromeDriver
Capabilities {acceptInsecureCerts: false, acceptSslCerts: false, applicationCacheEnabled: false, browserConnectionEnabled: false, browserName: chrome, chrome: {chromedriverVersion: 2.40.565498 (ea082db3280dd6..., userDataDir: C:\Users\nikks\AppData\Loca...}, cssSelectorsEnabled: true, databaseEnabled: false, handlesAlerts: true, hasTouchScreen: false, javascriptEnabled: true, locationContextEnabled: true, mobileEmulationEnabled: false, nativeEvents: true, networkConnectionEnabled: false, pageLoadStrategy: normal, platform: XP, platformName: XP, rotatable: false, setWindowRect: true, takesHeapSnapshot: true, takesScreenshot: true, unexpectedAlertBehaviour: , unhandledPromptBehavior: , version: 83.0.4103.116, webStorageEnabled: true}
Session ID: ff60a9afcdb4f7d613d411c51f251887
at org.openqa.selenium.remote.ErrorHandler.createThrowable(ErrorHandler.java:214)
at org.openqa.selenium.remote.ErrorHandler.throwIfResponseFailed(ErrorHandler.java:166)
at org.openqa.selenium.remote.http.JsonHttpResponseCodec.reconstructValue(JsonHttpResponseCodec.java:40)
at org.openqa.selenium.remote.http.AbstractHttpResponseCodec.decode(AbstractHttpResponseCodec.java:80)
at org.openqa.selenium.remote.http.AbstractHttpResponseCodec.decode(AbstractHttpResponseCodec.java:44)
at org.openqa.selenium.remote.HttpCommandExecutor.execute(HttpCommandExecutor.java:158)
at org.openqa.selenium.remote.service.DriverCommandExecutor.execute(DriverCommandExecutor.java:83)
at org.openqa.selenium.remote.RemoteWebDriver.execute(RemoteWebDriver.java:552)
at org.openqa.selenium.remote.RemoteWebElement.execute(RemoteWebElement.java:285)
at org.openqa.selenium.remote.RemoteWebElement.click(RemoteWebElement.java:84)
at org.openqa.selenium.support.pagefactory.internal.LocatingElementHandler.invoke(LocatingElementHandler.java:51)
at com.sun.proxy.$Proxy7.click(Unknown Source)
at com.guru.page.PurchaseProductPage.click_ShippingMethod_Continue(PurchaseProductPage.java:168)
at com.guru.test.PurchaseProductTests.verify_Place_Order_Generated(PurchaseProductTests.java:79)
at java.util.ArrayList.forEach(Unknown Source)
... Removed 34 stack frames]]>
    </failure>
  </testcase> <!-- verify_Place_Order_Generated -->
</testsuite> <!-- Test -->
